Build started 11/11/2014 8:56:43 PM.
     1>Project "C:\Users\Arjun\Documents\Visual Studio 2010\Projects\VisualFeatureExtraction\VisualFeatureExtraction\VisualFeatureExtraction.vcxproj" on node 2 (build target(s)).
     1>PrepareForBuild:
         Creating directory "C:\Users\Arjun\Documents\Visual Studio 2010\Projects\VisualFeatureExtraction\x64\Debug\".
       InitializeBuildStatus:
         Creating "x64\Debug\VisualFeatureExtraction.unsuccessfulbuild" because "AlwaysCreate" was specified.
       ClCompile:
         C:\Program Files (x86)\Microsoft Visual Studio 10.0\VC\bin\x86_amd64\CL.exe /c /IC:\opencv\build\include /Zi /nologo /W3 /WX- /Od /D WIN32 /D _DEBUG /D _CONSOLE /D _UNICODE /D UNICODE /Gm /EHsc /RTC1 /MDd /GS /fp:precise /Zc:wchar_t /Zc:forScope /Yc"StdAfx.h" /Fp"x64\Debug\VisualFeatureExtraction.pch" /Fo"x64\Debug\\" /Fd"x64\Debug\vc100.pdb" /Gd /TP /errorReport:prompt stdafx.cpp
         stdafx.cpp
         C:\Program Files (x86)\Microsoft Visual Studio 10.0\VC\bin\x86_amd64\CL.exe /c /IC:\opencv\build\include /Zi /nologo /W3 /WX- /Od /D WIN32 /D _DEBUG /D _CONSOLE /D _UNICODE /D UNICODE /Gm /EHsc /RTC1 /MDd /GS /fp:precise /Zc:wchar_t /Zc:forScope /Yu"StdAfx.h" /Fp"x64\Debug\VisualFeatureExtraction.pch" /Fo"x64\Debug\\" /Fd"x64\Debug\vc100.pdb" /Gd /TP /errorReport:prompt VisualFeatureExtraction.cpp
         VisualFeatureExtraction.cpp
       ManifestResourceCompile:
         C:\Program Files (x86)\Microsoft SDKs\Windows\v7.0A\bin\rc.exe /nologo /fo"x64\Debug\VisualFeatureExtraction.exe.embed.manifest.res" x64\Debug\VisualFeatureExtraction_manifest.rc 
       Link:
         C:\Program Files (x86)\Microsoft Visual Studio 10.0\VC\bin\x86_amd64\link.exe /ERRORREPORT:PROMPT /OUT:"C:\Users\Arjun\Documents\Visual Studio 2010\Projects\VisualFeatureExtraction\x64\Debug\VisualFeatureExtraction.exe" /INCREMENTAL /NOLOGO /LIBPATH:C:\opencv\build\x86\vc11\lib opencv_calib3d249d.lib opencv_contrib249d.lib opencv_core249d.lib opencv_features2d249d.lib opencv_flann249d.lib opencv_gpu249d.lib opencv_highgui249d.lib opencv_imgproc249d.lib opencv_legacy249d.lib opencv_ml249d.lib opencv_nonfree249d.lib opencv_objdetect249d.lib opencv_photo249d.lib opencv_stitching249d.lib opencv_superres249d.lib opencv_ts249d.lib opencv_video249d.lib opencv_videostab249d.lib kernel32.lib user32.lib gdi32.lib winspool.lib comdlg32.lib advapi32.lib shell32.lib ole32.lib oleaut32.lib uuid.lib odbc32.lib odbccp32.lib /MANIFEST /ManifestFile:"x64\Debug\VisualFeatureExtraction.exe.intermediate.manifest" /MANIFESTUAC:"level='asInvoker' uiAccess='false'" /DEBUG /PDB:"C:\Users\Arjun\Documents\Visual Studio 2010\Projects\VisualFeatureExtraction\x64\Debug\VisualFeatureExtraction.pdb" /SUBSYSTEM:CONSOLE /TLBID:1 /DYNAMICBASE /NXCOMPAT /IMPLIB:"C:\Users\Arjun\Documents\Visual Studio 2010\Projects\VisualFeatureExtraction\x64\Debug\VisualFeatureExtraction.lib" /MACHINE:X64 x64\Debug\VisualFeatureExtraction.exe.embed.manifest.res
         x64\Debug\stdafx.obj
         x64\Debug\VisualFeatureExtraction.obj
     1>opencv_highgui249d.lib(opencv_highgui249d.dll) : fatal error LNK1112: module machine type 'X86' conflicts with target machine type 'x64'
     1>Done Building Project "C:\Users\Arjun\Documents\Visual Studio 2010\Projects\VisualFeatureExtraction\VisualFeatureExtraction\VisualFeatureExtraction.vcxproj" (build target(s)) -- FAILED.

Build FAILED.

Time Elapsed 00:00:10.15
