Build started 11/19/2014 3:35:01 PM.
     1>Project "C:\Users\Arjun\Documents\Visual Studio 2010\Projects\VisualFeatureExtraction\VisualFeatureExtraction\VisualFeatureExtraction.vcxproj" on node 2 (build target(s)).
     1>InitializeBuildStatus:
         Creating "Release\VisualFeatureExtraction.unsuccessfulbuild" because "AlwaysCreate" was specified.
       ClCompile:
         All outputs are up-to-date.
         C:\Program Files (x86)\Microsoft Visual Studio 10.0\VC\bin\CL.exe /c /IC:\opencv\build\include /Zi /nologo /W3 /WX- /O2 /Oi /Oy- /GL /D WIN32 /D NDEBUG /D _CONSOLE /D _UNICODE /D UNICODE /Gm- /EHsc /MTd /GS /Gy /fp:precise /Zc:wchar_t /Zc:forScope /Yu"StdAfx.h" /Fp"Release\VisualFeatureExtraction.pch" /Fo"Release\\" /Fd"Release\vc100.pdb" /Gd /TP /analyze- /errorReport:prompt VisualFeatureExtraction.cpp
         VisualFeatureExtraction.cpp
     1>c:\opencv\build\include\opencv\opencv2\flann\logger.h(66): warning C4996: 'fopen': This function or variable may be unsafe. Consider using fopen_s instead. To disable deprecation, use _CRT_SECURE_NO_WARNINGS. See online help for details.
                 C:\Program Files (x86)\Microsoft Visual Studio 10.0\VC\include\stdio.h(234) : see declaration of 'fopen'
     1>VisualFeatureExtraction.cpp(122): warning C4244: 'argument' : conversion from 'double' to 'int', possible loss of data
     1>VisualFeatureExtraction.cpp(122): warning C4244: 'argument' : conversion from 'double' to 'int', possible loss of data
     1>VisualFeatureExtraction.cpp(123): warning C4244: 'argument' : conversion from 'double' to 'int', possible loss of data
     1>VisualFeatureExtraction.cpp(134): warning C4244: 'argument' : conversion from 'double' to 'int', possible loss of data
     1>VisualFeatureExtraction.cpp(134): warning C4244: 'argument' : conversion from 'double' to 'int', possible loss of data
     1>VisualFeatureExtraction.cpp(145): warning C4244: 'argument' : conversion from 'double' to 'int', possible loss of data
     1>VisualFeatureExtraction.cpp(145): warning C4244: 'argument' : conversion from 'double' to 'int', possible loss of data
       Link:
         C:\Program Files (x86)\Microsoft Visual Studio 10.0\VC\bin\link.exe /ERRORREPORT:PROMPT /OUT:"C:\Users\Arjun\Documents\Visual Studio 2010\Projects\VisualFeatureExtraction\Release\VisualFeatureExtraction.exe" /INCREMENTAL:NO /NOLOGO /LIBPATH:C:\opencv\build\x86\vc11\lib opencv_calib3d249d.lib opencv_contrib249d.lib opencv_core249d.lib opencv_features2d249d.lib opencv_flann249d.lib opencv_gpu249d.lib opencv_highgui249d.lib opencv_imgproc249d.lib opencv_legacy249d.lib opencv_ml249d.lib opencv_nonfree249d.lib opencv_objdetect249d.lib opencv_photo249d.lib opencv_stitching249d.lib opencv_superres249d.lib opencv_ts249d.lib opencv_video249d.lib opencv_videostab249d.lib kernel32.lib user32.lib gdi32.lib winspool.lib comdlg32.lib advapi32.lib shell32.lib ole32.lib oleaut32.lib uuid.lib odbc32.lib odbccp32.lib /MANIFEST /ManifestFile:"Release\VisualFeatureExtraction.exe.intermediate.manifest" /MANIFESTUAC:"level='asInvoker' uiAccess='false'" /DEBUG /PDB:"C:\Users\Arjun\Documents\Visual Studio 2010\Projects\VisualFeatureExtraction\Release\VisualFeatureExtraction.pdb" /SUBSYSTEM:CONSOLE /OPT:REF /OPT:ICF /LTCG /TLBID:1 /DYNAMICBASE /NXCOMPAT /IMPLIB:"C:\Users\Arjun\Documents\Visual Studio 2010\Projects\VisualFeatureExtraction\Release\VisualFeatureExtraction.lib" /MACHINE:X86 Release\stdafx.obj
         Release\VisualFeatureExtraction.obj
         Generating code
         Finished generating code
         VisualFeatureExtraction.vcxproj -> C:\Users\Arjun\Documents\Visual Studio 2010\Projects\VisualFeatureExtraction\Release\VisualFeatureExtraction.exe
       Manifest:
         C:\Program Files (x86)\Microsoft SDKs\Windows\v7.0A\bin\mt.exe /nologo /verbose /outputresource:"C:\Users\Arjun\Documents\Visual Studio 2010\Projects\VisualFeatureExtraction\Release\VisualFeatureExtraction.exe;#1" /manifest Release\VisualFeatureExtraction.exe.intermediate.manifest
       FinalizeBuildStatus:
         Deleting file "Release\VisualFeatureExtraction.unsuccessfulbuild".
         Touching "Release\VisualFeatureExtraction.lastbuildstate".
     1>Done Building Project "C:\Users\Arjun\Documents\Visual Studio 2010\Projects\VisualFeatureExtraction\VisualFeatureExtraction\VisualFeatureExtraction.vcxproj" (build target(s)).

Build succeeded.

Time Elapsed 00:00:13.72
